{"C:\\Users\\trantai\\Desktop\\dbclpm\\be\\src\\config\\prismaMock.ts": {"path":"C:\\Users\\trantai\\Desktop\\dbclpm\\be\\src\\config\\prismaMock.ts","statementMap":{"0":{"start":{"line":6,"column":0},"end":{"line":9,"column":null}},"1":{"start":{"line":6,"column":29},"end":{"line":9,"column":2}},"2":{"start":{"line":2,"column":0},"end":{"line":2,"column":71}},"3":{"start":{"line":4,"column":0},"end":{"line":4,"column":29}},"4":{"start":{"line":11,"column":0},"end":{"line":13,"column":null}},"5":{"start":{"line":12,"column":2},"end":{"line":12,"column":null}},"6":{"start":{"line":15,"column":13},"end":{"line":15,"column":null}}},"fnMap":{"0":{"name":"(anonymous_1)","decl":{"start":{"line":6,"column":22},"end":{"line":6,"column":25}},"loc":{"start":{"line":6,"column":29},"end":{"line":9,"column":2}}},"1":{"name":"(anonymous_2)","decl":{"start":{"line":11,"column":11},"end":{"line":11,"column":14}},"loc":{"start":{"line":11,"column":16},"end":{"line":13,"column":1}}}},"branchMap":{},"s":{"0":7,"1":7,"2":7,"3":7,"4":7,"5":28,"6":7},"f":{"0":7,"1":28},"b":{}}
,"C:\\Users\\trantai\\Desktop\\dbclpm\\be\\src\\services\\auth.service.ts": {"path":"C:\\Users\\trantai\\Desktop\\dbclpm\\be\\src\\services\\auth.service.ts","statementMap":{"0":{"start":{"line":1,"column":0},"end":{"line":1,"column":38}},"1":{"start":{"line":2,"column":0},"end":{"line":2,"column":38}},"2":{"start":{"line":3,"column":0},"end":{"line":3,"column":30}},"3":{"start":{"line":4,"column":0},"end":{"line":4,"column":31}},"4":{"start":{"line":7,"column":28},"end":{"line":30,"column":1}},"5":{"start":{"line":8,"column":23},"end":{"line":10,"column":4}},"6":{"start":{"line":11,"column":2},"end":{"line":11,"column":62}},"7":{"start":{"line":11,"column":20},"end":{"line":11,"column":62}},"8":{"start":{"line":13,"column":25},"end":{"line":13,"column":73}},"9":{"start":{"line":15,"column":18},"end":{"line":25,"column":4}},"10":{"start":{"line":28,"column":47},"end":{"line":28,"column":54}},"11":{"start":{"line":29,"column":2},"end":{"line":29,"column":29}},"12":{"start":{"line":7,"column":13},"end":{"line":7,"column":28}},"13":{"start":{"line":32,"column":25},"end":{"line":49,"column":1}},"14":{"start":{"line":34,"column":15},"end":{"line":34,"column":65}},"15":{"start":{"line":35,"column":2},"end":{"line":35,"column":57}},"16":{"start":{"line":35,"column":13},"end":{"line":35,"column":57}},"17":{"start":{"line":38,"column":18},"end":{"line":38,"column":59}},"18":{"start":{"line":39,"column":2},"end":{"line":39,"column":61}},"19":{"start":{"line":39,"column":16},"end":{"line":39,"column":61}},"20":{"start":{"line":42,"column":18},"end":{"line":42,"column":55}},"21":{"start":{"line":44,"column":16},"end":{"line":46,"column":4}},"22":{"start":{"line":47,"column":36},"end":{"line":47,"column":40}},"23":{"start":{"line":48,"column":2},"end":{"line":48,"column":35}},"24":{"start":{"line":32,"column":13},"end":{"line":32,"column":25}}},"fnMap":{"0":{"name":"(anonymous_1)","decl":{"start":{"line":7,"column":28},"end":{"line":7,"column":33}},"loc":{"start":{"line":7,"column":62},"end":{"line":30,"column":1}}},"1":{"name":"(anonymous_2)","decl":{"start":{"line":32,"column":25},"end":{"line":32,"column":30}},"loc":{"start":{"line":32,"column":63},"end":{"line":49,"column":1}}}},"branchMap":{"0":{"loc":{"start":{"line":11,"column":2},"end":{"line":11,"column":62}},"type":"if","locations":[{"start":{"line":11,"column":2},"end":{"line":11,"column":62}},{"start":{},"end":{}}]},"1":{"loc":{"start":{"line":13,"column":43},"end":{"line":13,"column":68}},"type":"binary-expr","locations":[{"start":{"line":13,"column":43},"end":{"line":13,"column":56}},{"start":{"line":13,"column":60},"end":{"line":13,"column":68}}]},"2":{"loc":{"start":{"line":20,"column":13},"end":{"line":20,"column":31}},"type":"binary-expr","locations":[{"start":{"line":20,"column":13},"end":{"line":20,"column":23}},{"start":{"line":20,"column":27},"end":{"line":20,"column":31}}]},"3":{"loc":{"start":{"line":21,"column":15},"end":{"line":21,"column":35}},"type":"binary-expr","locations":[{"start":{"line":21,"column":15},"end":{"line":21,"column":27}},{"start":{"line":21,"column":31},"end":{"line":21,"column":35}}]},"4":{"loc":{"start":{"line":22,"column":14},"end":{"line":22,"column":33}},"type":"binary-expr","locations":[{"start":{"line":22,"column":14},"end":{"line":22,"column":25}},{"start":{"line":22,"column":29},"end":{"line":22,"column":33}}]},"5":{"loc":{"start":{"line":35,"column":2},"end":{"line":35,"column":57}},"type":"if","locations":[{"start":{"line":35,"column":2},"end":{"line":35,"column":57}},{"start":{},"end":{}}]},"6":{"loc":{"start":{"line":39,"column":2},"end":{"line":39,"column":61}},"type":"if","locations":[{"start":{"line":39,"column":2},"end":{"line":39,"column":61}},{"start":{},"end":{}}]},"7":{"loc":{"start":{"line":45,"column":16},"end":{"line":45,"column":50}},"type":"binary-expr","locations":[{"start":{"line":45,"column":16},"end":{"line":45,"column":42}},{"start":{"line":45,"column":46},"end":{"line":45,"column":50}}]}},"s":{"0":1,"1":1,"2":1,"3":1,"4":1,"5":2,"6":2,"7":1,"8":1,"9":1,"10":1,"11":1,"12":1,"13":1,"14":3,"15":3,"16":1,"17":2,"18":2,"19":1,"20":1,"21":1,"22":1,"23":1,"24":1},"f":{"0":2,"1":3},"b":{"0":[1,1],"1":[1,0],"2":[1,1],"3":[1,1],"4":[1,1],"5":[1,2],"6":[1,1],"7":[1,1]}}
,"C:\\Users\\trantai\\Desktop\\dbclpm\\be\\src\\services\\blog.service.ts": {"path":"C:\\Users\\trantai\\Desktop\\dbclpm\\be\\src\\services\\blog.service.ts","statementMap":{"0":{"start":{"line":1,"column":0},"end":{"line":1,"column":38}},"1":{"start":{"line":2,"column":0},"end":{"line":2,"column":30}},"2":{"start":{"line":11,"column":21},"end":{"line":11,"column":85}},"3":{"start":{"line":12,"column":23},"end":{"line":12,"column":71}},"4":{"start":{"line":14,"column":4},"end":{"line":43,"column":7}},"5":{"start":{"line":16,"column":19},"end":{"line":27,"column":8}},"6":{"start":{"line":30,"column":6},"end":{"line":40,"column":7}},"7":{"start":{"line":31,"column":8},"end":{"line":39,"column":11}},"8":{"start":{"line":42,"column":6},"end":{"line":42,"column":18}},"9":{"start":{"line":50,"column":17},"end":{"line":57,"column":6}},"10":{"start":{"line":59,"column":4},"end":{"line":59,"column":59}},"11":{"start":{"line":59,"column":15},"end":{"line":59,"column":59}},"12":{"start":{"line":62,"column":4},"end":{"line":65,"column":7}},"13":{"start":{"line":67,"column":4},"end":{"line":67,"column":16}},"14":{"start":{"line":74,"column":17},"end":{"line":74,"column":35}},"15":{"start":{"line":76,"column":29},"end":{"line":78,"column":6}},"16":{"start":{"line":80,"column":4},"end":{"line":82,"column":5}},"17":{"start":{"line":81,"column":6},"end":{"line":81,"column":48}},"18":{"start":{"line":84,"column":27},"end":{"line":96,"column":6}},"19":{"start":{"line":98,"column":4},"end":{"line":105,"column":6}},"20":{"start":{"line":5,"column":0},"end":{"line":5,"column":13}}},"fnMap":{"0":{"name":"(anonymous_1)","decl":{"start":{"line":9,"column":9},"end":{"line":9,"column":14}},"loc":{"start":{"line":9,"column":65},"end":{"line":44,"column":3}}},"1":{"name":"(anonymous_2)","decl":{"start":{"line":14,"column":37},"end":{"line":14,"column":42}},"loc":{"start":{"line":14,"column":50},"end":{"line":43,"column":5}}},"2":{"name":"(anonymous_3)","decl":{"start":{"line":49,"column":9},"end":{"line":49,"column":14}},"loc":{"start":{"line":49,"column":41},"end":{"line":68,"column":3}}},"3":{"name":"(anonymous_4)","decl":{"start":{"line":73,"column":9},"end":{"line":73,"column":14}},"loc":{"start":{"line":73,"column":81},"end":{"line":106,"column":3}}}},"branchMap":{"0":{"loc":{"start":{"line":22,"column":19},"end":{"line":22,"column":39}},"type":"binary-expr","locations":[{"start":{"line":22,"column":19},"end":{"line":22,"column":31}},{"start":{"line":22,"column":35},"end":{"line":22,"column":39}}]},"1":{"loc":{"start":{"line":23,"column":19},"end":{"line":23,"column":39}},"type":"binary-expr","locations":[{"start":{"line":23,"column":19},"end":{"line":23,"column":31}},{"start":{"line":23,"column":35},"end":{"line":23,"column":39}}]},"2":{"loc":{"start":{"line":24,"column":21},"end":{"line":24,"column":43}},"type":"binary-expr","locations":[{"start":{"line":24,"column":21},"end":{"line":24,"column":35}},{"start":{"line":24,"column":39},"end":{"line":24,"column":43}}]},"3":{"loc":{"start":{"line":25,"column":18},"end":{"line":25,"column":40}},"type":"binary-expr","locations":[{"start":{"line":25,"column":18},"end":{"line":25,"column":29}},{"start":{"line":25,"column":33},"end":{"line":25,"column":40}}]},"4":{"loc":{"start":{"line":30,"column":6},"end":{"line":40,"column":7}},"type":"if","locations":[{"start":{"line":30,"column":6},"end":{"line":40,"column":7}},{"start":{},"end":{}}]},"5":{"loc":{"start":{"line":30,"column":10},"end":{"line":30,"column":72}},"type":"binary-expr","locations":[{"start":{"line":30,"column":10},"end":{"line":30,"column":25}},{"start":{"line":30,"column":29},"end":{"line":30,"column":50}},{"start":{"line":30,"column":54},"end":{"line":30,"column":72}}]},"6":{"loc":{"start":{"line":34,"column":24},"end":{"line":34,"column":53}},"type":"binary-expr","locations":[{"start":{"line":34,"column":24},"end":{"line":34,"column":39}},{"start":{"line":34,"column":43},"end":{"line":34,"column":53}}]},"7":{"loc":{"start":{"line":35,"column":30},"end":{"line":35,"column":75}},"type":"binary-expr","locations":[{"start":{"line":35,"column":30},"end":{"line":35,"column":51}},{"start":{"line":35,"column":55},"end":{"line":35,"column":67}},{"start":{"line":35,"column":71},"end":{"line":35,"column":75}}]},"8":{"loc":{"start":{"line":36,"column":27},"end":{"line":36,"column":53}},"type":"binary-expr","locations":[{"start":{"line":36,"column":27},"end":{"line":36,"column":45}},{"start":{"line":36,"column":49},"end":{"line":36,"column":53}}]},"9":{"loc":{"start":{"line":59,"column":4},"end":{"line":59,"column":59}},"type":"if","locations":[{"start":{"line":59,"column":4},"end":{"line":59,"column":59}},{"start":{},"end":{}}]},"10":{"loc":{"start":{"line":73,"column":24},"end":{"line":73,"column":40}},"type":"default-arg","locations":[{"start":{"line":73,"column":39},"end":{"line":73,"column":40}}]},"11":{"loc":{"start":{"line":73,"column":42},"end":{"line":73,"column":60}},"type":"default-arg","locations":[{"start":{"line":73,"column":58},"end":{"line":73,"column":60}}]},"12":{"loc":{"start":{"line":80,"column":4},"end":{"line":82,"column":5}},"type":"if","locations":[{"start":{"line":80,"column":4},"end":{"line":82,"column":5}},{"start":{},"end":{}}]}},"s":{"0":1,"1":1,"2":1,"3":1,"4":1,"5":1,"6":1,"7":1,"8":1,"9":2,"10":2,"11":1,"12":1,"13":1,"14":1,"15":1,"16":1,"17":0,"18":1,"19":1,"20":1},"f":{"0":1,"1":1,"2":2,"3":1},"b":{"0":[1,0],"1":[1,0],"2":[1,1],"3":[1,1],"4":[1,0],"5":[1,0,0],"6":[1,0],"7":[1,1,0],"8":[1,1],"9":[1,1],"10":[0],"11":[0],"12":[0,1]}}
,"C:\\Users\\trantai\\Desktop\\dbclpm\\be\\src\\services\\cart.service.ts": {"path":"C:\\Users\\trantai\\Desktop\\dbclpm\\be\\src\\services\\cart.service.ts","statementMap":{"0":{"start":{"line":1,"column":0},"end":{"line":1,"column":38}},"1":{"start":{"line":9,"column":15},"end":{"line":23,"column":6}},"2":{"start":{"line":26,"column":4},"end":{"line":39,"column":5}},"3":{"start":{"line":27,"column":6},"end":{"line":38,"column":9}},"4":{"start":{"line":42,"column":31},"end":{"line":42,"column":33}},"5":{"start":{"line":43,"column":22},"end":{"line":43,"column":23}},"6":{"start":{"line":45,"column":4},"end":{"line":53,"column":7}},"7":{"start":{"line":46,"column":6},"end":{"line":46,"column":64}},"8":{"start":{"line":48,"column":6},"end":{"line":52,"column":7}},"9":{"start":{"line":49,"column":8},"end":{"line":51,"column":10}},"10":{"start":{"line":55,"column":4},"end":{"line":59,"column":6}},"11":{"start":{"line":66,"column":15},"end":{"line":66,"column":75}},"12":{"start":{"line":67,"column":4},"end":{"line":69,"column":5}},"13":{"start":{"line":68,"column":6},"end":{"line":68,"column":69}},"14":{"start":{"line":71,"column":20},"end":{"line":74,"column":6}},"15":{"start":{"line":76,"column":4},"end":{"line":76,"column":75}},"16":{"start":{"line":76,"column":18},"end":{"line":76,"column":75}},"17":{"start":{"line":78,"column":27},"end":{"line":80,"column":6}},"18":{"start":{"line":82,"column":24},"end":{"line":82,"column":71}},"19":{"start":{"line":85,"column":4},"end":{"line":87,"column":5}},"20":{"start":{"line":86,"column":6},"end":{"line":86,"column":142}},"21":{"start":{"line":89,"column":4},"end":{"line":98,"column":5}},"22":{"start":{"line":90,"column":6},"end":{"line":93,"column":9}},"23":{"start":{"line":95,"column":6},"end":{"line":97,"column":9}},"24":{"start":{"line":100,"column":18},"end":{"line":100,"column":22}},"25":{"start":{"line":101,"column":4},"end":{"line":103,"column":5}},"26":{"start":{"line":102,"column":6},"end":{"line":102,"column":163}},"27":{"start":{"line":105,"column":4},"end":{"line":105,"column":64}},"28":{"start":{"line":112,"column":17},"end":{"line":112,"column":77}},"29":{"start":{"line":113,"column":4},"end":{"line":113,"column":59}},"30":{"start":{"line":113,"column":15},"end":{"line":113,"column":59}},"31":{"start":{"line":115,"column":27},"end":{"line":118,"column":6}},"32":{"start":{"line":120,"column":4},"end":{"line":120,"column":78}},"33":{"start":{"line":120,"column":25},"end":{"line":120,"column":78}},"34":{"start":{"line":122,"column":4},"end":{"line":124,"column":5}},"35":{"start":{"line":123,"column":6},"end":{"line":123,"column":98}},"36":{"start":{"line":126,"column":4},"end":{"line":129,"column":5}},"37":{"start":{"line":127,"column":6},"end":{"line":127,"column":99}},"38":{"start":{"line":128,"column":6},"end":{"line":128,"column":59}},"39":{"start":{"line":131,"column":4},"end":{"line":134,"column":7}},"40":{"start":{"line":136,"column":18},"end":{"line":136,"column":22}},"41":{"start":{"line":137,"column":4},"end":{"line":139,"column":5}},"42":{"start":{"line":138,"column":6},"end":{"line":138,"column":137}},"43":{"start":{"line":141,"column":4},"end":{"line":141,"column":64}},"44":{"start":{"line":148,"column":17},"end":{"line":148,"column":77}},"45":{"start":{"line":149,"column":4},"end":{"line":149,"column":22}},"46":{"start":{"line":149,"column":15},"end":{"line":149,"column":22}},"47":{"start":{"line":151,"column":27},"end":{"line":153,"column":6}},"48":{"start":{"line":155,"column":4},"end":{"line":157,"column":5}},"49":{"start":{"line":156,"column":6},"end":{"line":156,"column":99}},"50":{"start":{"line":4,"column":0},"end":{"line":4,"column":13}}},"fnMap":{"0":{"name":"(anonymous_1)","decl":{"start":{"line":8,"column":9},"end":{"line":8,"column":14}},"loc":{"start":{"line":8,"column":37},"end":{"line":60,"column":3}}},"1":{"name":"(anonymous_2)","decl":{"start":{"line":45,"column":25},"end":{"line":45,"column":26}},"loc":{"start":{"line":45,"column":34},"end":{"line":53,"column":5}}},"2":{"name":"(anonymous_3)","decl":{"start":{"line":65,"column":9},"end":{"line":65,"column":14}},"loc":{"start":{"line":65,"column":61},"end":{"line":106,"column":3}}},"3":{"name":"(anonymous_4)","decl":{"start":{"line":111,"column":9},"end":{"line":111,"column":14}},"loc":{"start":{"line":111,"column":90},"end":{"line":142,"column":3}}},"4":{"name":"(anonymous_5)","decl":{"start":{"line":147,"column":9},"end":{"line":147,"column":14}},"loc":{"start":{"line":147,"column":63},"end":{"line":158,"column":3}}}},"branchMap":{"0":{"loc":{"start":{"line":26,"column":4},"end":{"line":39,"column":5}},"type":"if","locations":[{"start":{"line":26,"column":4},"end":{"line":39,"column":5}},{"start":{},"end":{}}]},"1":{"loc":{"start":{"line":48,"column":6},"end":{"line":52,"column":7}},"type":"if","locations":[{"start":{"line":48,"column":6},"end":{"line":52,"column":7}},{"start":{},"end":{}}]},"2":{"loc":{"start":{"line":67,"column":4},"end":{"line":69,"column":5}},"type":"if","locations":[{"start":{"line":67,"column":4},"end":{"line":69,"column":5}},{"start":{},"end":{}}]},"3":{"loc":{"start":{"line":76,"column":4},"end":{"line":76,"column":75}},"type":"if","locations":[{"start":{"line":76,"column":4},"end":{"line":76,"column":75}},{"start":{},"end":{}}]},"4":{"loc":{"start":{"line":82,"column":25},"end":{"line":82,"column":54}},"type":"binary-expr","locations":[{"start":{"line":82,"column":25},"end":{"line":82,"column":49}},{"start":{"line":82,"column":53},"end":{"line":82,"column":54}}]},"5":{"loc":{"start":{"line":85,"column":4},"end":{"line":87,"column":5}},"type":"if","locations":[{"start":{"line":85,"column":4},"end":{"line":87,"column":5}},{"start":{},"end":{}}]},"6":{"loc":{"start":{"line":85,"column":8},"end":{"line":85,"column":72}},"type":"binary-expr","locations":[{"start":{"line":85,"column":8},"end":{"line":85,"column":32}},{"start":{"line":85,"column":36},"end":{"line":85,"column":72}}]},"7":{"loc":{"start":{"line":89,"column":4},"end":{"line":98,"column":5}},"type":"if","locations":[{"start":{"line":89,"column":4},"end":{"line":98,"column":5}},{"start":{"line":94,"column":11},"end":{"line":98,"column":5}}]},"8":{"loc":{"start":{"line":101,"column":4},"end":{"line":103,"column":5}},"type":"if","locations":[{"start":{"line":101,"column":4},"end":{"line":103,"column":5}},{"start":{},"end":{}}]},"9":{"loc":{"start":{"line":101,"column":8},"end":{"line":101,"column":71}},"type":"binary-expr","locations":[{"start":{"line":101,"column":8},"end":{"line":101,"column":31}},{"start":{"line":101,"column":35},"end":{"line":101,"column":71}}]},"10":{"loc":{"start":{"line":113,"column":4},"end":{"line":113,"column":59}},"type":"if","locations":[{"start":{"line":113,"column":4},"end":{"line":113,"column":59}},{"start":{},"end":{}}]},"11":{"loc":{"start":{"line":120,"column":4},"end":{"line":120,"column":78}},"type":"if","locations":[{"start":{"line":120,"column":4},"end":{"line":120,"column":78}},{"start":{},"end":{}}]},"12":{"loc":{"start":{"line":122,"column":4},"end":{"line":124,"column":5}},"type":"if","locations":[{"start":{"line":122,"column":4},"end":{"line":124,"column":5}},{"start":{},"end":{}}]},"13":{"loc":{"start":{"line":122,"column":8},"end":{"line":122,"column":104}},"type":"binary-expr","locations":[{"start":{"line":122,"column":8},"end":{"line":122,"column":47}},{"start":{"line":122,"column":51},"end":{"line":122,"column":104}}]},"14":{"loc":{"start":{"line":126,"column":4},"end":{"line":129,"column":5}},"type":"if","locations":[{"start":{"line":126,"column":4},"end":{"line":129,"column":5}},{"start":{},"end":{}}]},"15":{"loc":{"start":{"line":137,"column":4},"end":{"line":139,"column":5}},"type":"if","locations":[{"start":{"line":137,"column":4},"end":{"line":139,"column":5}},{"start":{},"end":{}}]},"16":{"loc":{"start":{"line":137,"column":8},"end":{"line":137,"column":103}},"type":"binary-expr","locations":[{"start":{"line":137,"column":8},"end":{"line":137,"column":46}},{"start":{"line":137,"column":50},"end":{"line":137,"column":103}}]},"17":{"loc":{"start":{"line":149,"column":4},"end":{"line":149,"column":22}},"type":"if","locations":[{"start":{"line":149,"column":4},"end":{"line":149,"column":22}},{"start":{},"end":{}}]},"18":{"loc":{"start":{"line":155,"column":4},"end":{"line":157,"column":5}},"type":"if","locations":[{"start":{"line":155,"column":4},"end":{"line":157,"column":5}},{"start":{},"end":{}}]}},"s":{"0":1,"1":2,"2":2,"3":1,"4":2,"5":2,"6":2,"7":1,"8":1,"9":1,"10":2,"11":3,"12":3,"13":0,"14":3,"15":3,"16":1,"17":2,"18":2,"19":2,"20":1,"21":1,"22":0,"23":1,"24":1,"25":1,"26":0,"27":1,"28":0,"29":0,"30":0,"31":0,"32":0,"33":0,"34":0,"35":0,"36":0,"37":0,"38":0,"39":0,"40":0,"41":0,"42":0,"43":0,"44":0,"45":0,"46":0,"47":0,"48":0,"49":0,"50":1},"f":{"0":2,"1":1,"2":3,"3":0,"4":0},"b":{"0":[1,1],"1":[1,0],"2":[0,3],"3":[1,2],"4":[2,1],"5":[1,1],"6":[2,2],"7":[0,1],"8":[0,1],"9":[1,0],"10":[0,0],"11":[0,0],"12":[0,0],"13":[0,0],"14":[0,0],"15":[0,0],"16":[0,0],"17":[0,0],"18":[0,0]}}
,"C:\\Users\\trantai\\Desktop\\dbclpm\\be\\src\\services\\category.service.ts": {"path":"C:\\Users\\trantai\\Desktop\\dbclpm\\be\\src\\services\\category.service.ts","statementMap":{"0":{"start":{"line":1,"column":0},"end":{"line":1,"column":38}},"1":{"start":{"line":6,"column":4},"end":{"line":12,"column":7}},"2":{"start":{"line":16,"column":23},"end":{"line":19,"column":6}},"3":{"start":{"line":21,"column":24},"end":{"line":21,"column":59}},"4":{"start":{"line":24,"column":4},"end":{"line":32,"column":7}},"5":{"start":{"line":25,"column":6},"end":{"line":31,"column":9}},"6":{"start":{"line":34,"column":47},"end":{"line":34,"column":49}},"7":{"start":{"line":37,"column":4},"end":{"line":52,"column":7}},"8":{"start":{"line":38,"column":19},"end":{"line":38,"column":51}},"9":{"start":{"line":39,"column":6},"end":{"line":39,"column":24}},"10":{"start":{"line":39,"column":17},"end":{"line":39,"column":24}},"11":{"start":{"line":41,"column":6},"end":{"line":51,"column":7}},"12":{"start":{"line":42,"column":8},"end":{"line":42,"column":34}},"13":{"start":{"line":44,"column":27},"end":{"line":44,"column":58}},"14":{"start":{"line":45,"column":8},"end":{"line":50,"column":9}},"15":{"start":{"line":46,"column":10},"end":{"line":46,"column":41}},"16":{"start":{"line":49,"column":10},"end":{"line":49,"column":36}},"17":{"start":{"line":54,"column":4},"end":{"line":54,"column":26}},"18":{"start":{"line":4,"column":0},"end":{"line":4,"column":13}}},"fnMap":{"0":{"name":"(anonymous_1)","decl":{"start":{"line":5,"column":9},"end":{"line":5,"column":14}},"loc":{"start":{"line":5,"column":55},"end":{"line":13,"column":3}}},"1":{"name":"(anonymous_2)","decl":{"start":{"line":15,"column":9},"end":{"line":15,"column":14}},"loc":{"start":{"line":15,"column":30},"end":{"line":55,"column":3}}},"2":{"name":"(anonymous_3)","decl":{"start":{"line":24,"column":23},"end":{"line":24,"column":24}},"loc":{"start":{"line":24,"column":31},"end":{"line":32,"column":5}}},"3":{"name":"(anonymous_4)","decl":{"start":{"line":37,"column":23},"end":{"line":37,"column":24}},"loc":{"start":{"line":37,"column":31},"end":{"line":52,"column":5}}}},"branchMap":{"0":{"loc":{"start":{"line":9,"column":21},"end":{"line":9,"column":45}},"type":"binary-expr","locations":[{"start":{"line":9,"column":21},"end":{"line":9,"column":37}},{"start":{"line":9,"column":41},"end":{"line":9,"column":45}}]},"1":{"loc":{"start":{"line":10,"column":19},"end":{"line":10,"column":41}},"type":"binary-expr","locations":[{"start":{"line":10,"column":19},"end":{"line":10,"column":33}},{"start":{"line":10,"column":37},"end":{"line":10,"column":41}}]},"2":{"loc":{"start":{"line":39,"column":6},"end":{"line":39,"column":24}},"type":"if","locations":[{"start":{"line":39,"column":6},"end":{"line":39,"column":24}},{"start":{},"end":{}}]},"3":{"loc":{"start":{"line":41,"column":6},"end":{"line":51,"column":7}},"type":"if","locations":[{"start":{"line":41,"column":6},"end":{"line":51,"column":7}},{"start":{"line":43,"column":13},"end":{"line":51,"column":7}}]},"4":{"loc":{"start":{"line":45,"column":8},"end":{"line":50,"column":9}},"type":"if","locations":[{"start":{"line":45,"column":8},"end":{"line":50,"column":9}},{"start":{"line":47,"column":15},"end":{"line":50,"column":9}}]}},"s":{"0":1,"1":1,"2":1,"3":1,"4":1,"5":2,"6":1,"7":1,"8":2,"9":2,"10":0,"11":2,"12":1,"13":1,"14":1,"15":1,"16":0,"17":1,"18":1},"f":{"0":1,"1":1,"2":2,"3":2},"b":{"0":[1,0],"1":[1,1],"2":[0,2],"3":[1,1],"4":[1,0]}}
,"C:\\Users\\trantai\\Desktop\\dbclpm\\be\\src\\services\\order.service.ts": {"path":"C:\\Users\\trantai\\Desktop\\dbclpm\\be\\src\\services\\order.service.ts","statementMap":{"0":{"start":{"line":1,"column":0},"end":{"line":1,"column":38}},"1":{"start":{"line":3,"column":0},"end":{"line":3,"column":51}},"2":{"start":{"line":5,"column":23},"end":{"line":5,"column":43}},"3":{"start":{"line":13,"column":17},"end":{"line":20,"column":6}},"4":{"start":{"line":22,"column":4},"end":{"line":24,"column":5}},"5":{"start":{"line":23,"column":6},"end":{"line":23,"column":54}},"6":{"start":{"line":27,"column":24},"end":{"line":27,"column":36}},"7":{"start":{"line":28,"column":4},"end":{"line":31,"column":5}},"8":{"start":{"line":29,"column":6},"end":{"line":29,"column":101}},"9":{"start":{"line":29,"column":50},"end":{"line":29,"column":99}},"10":{"start":{"line":30,"column":6},"end":{"line":30,"column":97}},"11":{"start":{"line":30,"column":38},"end":{"line":30,"column":97}},"12":{"start":{"line":33,"column":22},"end":{"line":33,"column":23}},"13":{"start":{"line":36,"column":22},"end":{"line":95,"column":6}},"14":{"start":{"line":38,"column":6},"end":{"line":43,"column":7}},"15":{"start":{"line":39,"column":8},"end":{"line":41,"column":9}},"16":{"start":{"line":40,"column":10},"end":{"line":40,"column":128}},"17":{"start":{"line":42,"column":8},"end":{"line":42,"column":66}},"18":{"start":{"line":46,"column":23},"end":{"line":55,"column":8}},"19":{"start":{"line":58,"column":31},"end":{"line":58,"column":33}},"20":{"start":{"line":59,"column":6},"end":{"line":74,"column":7}},"21":{"start":{"line":60,"column":25},"end":{"line":60,"column":67}},"22":{"start":{"line":61,"column":8},"end":{"line":67,"column":11}},"23":{"start":{"line":70,"column":8},"end":{"line":73,"column":11}},"24":{"start":{"line":76,"column":6},"end":{"line":76,"column":66}},"25":{"start":{"line":79,"column":30},"end":{"line":79,"column":70}},"26":{"start":{"line":79,"column":53},"end":{"line":79,"column":69}},"27":{"start":{"line":80,"column":6},"end":{"line":82,"column":9}},"28":{"start":{"line":85,"column":6},"end":{"line":92,"column":9}},"29":{"start":{"line":94,"column":6},"end":{"line":94,"column":22}},"30":{"start":{"line":98,"column":21},"end":{"line":98,"column":25}},"31":{"start":{"line":99,"column":4},"end":{"line":105,"column":5}},"32":{"start":{"line":100,"column":6},"end":{"line":104,"column":8}},"33":{"start":{"line":107,"column":4},"end":{"line":112,"column":6}},"34":{"start":{"line":119,"column":4},"end":{"line":126,"column":7}},"35":{"start":{"line":7,"column":0},"end":{"line":7,"column":13}}},"fnMap":{"0":{"name":"(anonymous_1)","decl":{"start":{"line":11,"column":9},"end":{"line":11,"column":14}},"loc":{"start":{"line":11,"column":65},"end":{"line":113,"column":3}}},"1":{"name":"(anonymous_2)","decl":{"start":{"line":29,"column":42},"end":{"line":29,"column":46}},"loc":{"start":{"line":29,"column":50},"end":{"line":29,"column":99}}},"2":{"name":"(anonymous_3)","decl":{"start":{"line":36,"column":48},"end":{"line":36,"column":53}},"loc":{"start":{"line":36,"column":61},"end":{"line":95,"column":5}}},"3":{"name":"(anonymous_4)","decl":{"start":{"line":79,"column":48},"end":{"line":79,"column":49}},"loc":{"start":{"line":79,"column":53},"end":{"line":79,"column":69}}},"4":{"name":"(anonymous_5)","decl":{"start":{"line":118,"column":9},"end":{"line":118,"column":14}},"loc":{"start":{"line":118,"column":41},"end":{"line":127,"column":3}}}},"branchMap":{"0":{"loc":{"start":{"line":22,"column":4},"end":{"line":24,"column":5}},"type":"if","locations":[{"start":{"line":22,"column":4},"end":{"line":24,"column":5}},{"start":{},"end":{}}]},"1":{"loc":{"start":{"line":22,"column":8},"end":{"line":22,"column":42}},"type":"binary-expr","locations":[{"start":{"line":22,"column":8},"end":{"line":22,"column":13}},{"start":{"line":22,"column":17},"end":{"line":22,"column":42}}]},"2":{"loc":{"start":{"line":28,"column":4},"end":{"line":31,"column":5}},"type":"if","locations":[{"start":{"line":28,"column":4},"end":{"line":31,"column":5}},{"start":{},"end":{}}]},"3":{"loc":{"start":{"line":28,"column":8},"end":{"line":28,"column":59}},"type":"binary-expr","locations":[{"start":{"line":28,"column":8},"end":{"line":28,"column":26}},{"start":{"line":28,"column":30},"end":{"line":28,"column":59}}]},"4":{"loc":{"start":{"line":30,"column":6},"end":{"line":30,"column":97}},"type":"if","locations":[{"start":{"line":30,"column":6},"end":{"line":30,"column":97}},{"start":{},"end":{}}]},"5":{"loc":{"start":{"line":39,"column":8},"end":{"line":41,"column":9}},"type":"if","locations":[{"start":{"line":39,"column":8},"end":{"line":41,"column":9}},{"start":{},"end":{}}]},"6":{"loc":{"start":{"line":39,"column":12},"end":{"line":39,"column":88}},"type":"binary-expr","locations":[{"start":{"line":39,"column":12},"end":{"line":39,"column":41}},{"start":{"line":39,"column":45},"end":{"line":39,"column":88}}]},"7":{"loc":{"start":{"line":51,"column":16},"end":{"line":51,"column":33}},"type":"binary-expr","locations":[{"start":{"line":51,"column":16},"end":{"line":51,"column":25}},{"start":{"line":51,"column":29},"end":{"line":51,"column":33}}]},"8":{"loc":{"start":{"line":99,"column":4},"end":{"line":105,"column":5}},"type":"if","locations":[{"start":{"line":99,"column":4},"end":{"line":105,"column":5}},{"start":{},"end":{}}]}},"s":{"0":1,"1":1,"2":1,"3":2,"4":2,"5":1,"6":1,"7":1,"8":0,"9":0,"10":0,"11":0,"12":1,"13":1,"14":1,"15":1,"16":0,"17":1,"18":1,"19":1,"20":1,"21":1,"22":1,"23":1,"24":1,"25":1,"26":1,"27":1,"28":1,"29":1,"30":1,"31":1,"32":1,"33":1,"34":1,"35":1},"f":{"0":2,"1":0,"2":1,"3":1,"4":1},"b":{"0":[1,1],"1":[2,2],"2":[0,1],"3":[1,0],"4":[0,0],"5":[0,1],"6":[1,1],"7":[1,1],"8":[1,0]}}
,"C:\\Users\\trantai\\Desktop\\dbclpm\\be\\src\\services\\product.service.ts": {"path":"C:\\Users\\trantai\\Desktop\\dbclpm\\be\\src\\services\\product.service.ts","statementMap":{"0":{"start":{"line":1,"column":0},"end":{"line":1,"column":38}},"1":{"start":{"line":10,"column":4},"end":{"line":75,"column":7}},"2":{"start":{"line":12,"column":22},"end":{"line":24,"column":8}},"3":{"start":{"line":21,"column":51},"end":{"line":21,"column":70}},"4":{"start":{"line":28,"column":30},"end":{"line":28,"column":55}},"5":{"start":{"line":30,"column":6},"end":{"line":49,"column":7}},"6":{"start":{"line":31,"column":30},"end":{"line":42,"column":10}},"7":{"start":{"line":36,"column":50},"end":{"line":38,"column":16}},"8":{"start":{"line":44,"column":8},"end":{"line":48,"column":11}},"9":{"start":{"line":45,"column":10},"end":{"line":47,"column":11}},"10":{"start":{"line":46,"column":12},"end":{"line":46,"column":84}},"11":{"start":{"line":52,"column":6},"end":{"line":72,"column":7}},"12":{"start":{"line":53,"column":8},"end":{"line":71,"column":11}},"13":{"start":{"line":63,"column":38},"end":{"line":63,"column":65}},"14":{"start":{"line":64,"column":16},"end":{"line":66,"column":17}},"15":{"start":{"line":65,"column":18},"end":{"line":65,"column":100}},"16":{"start":{"line":67,"column":16},"end":{"line":67,"column":51}},"17":{"start":{"line":74,"column":6},"end":{"line":74,"column":21}},"18":{"start":{"line":82,"column":20},"end":{"line":95,"column":6}},"19":{"start":{"line":97,"column":4},"end":{"line":97,"column":55}},"20":{"start":{"line":97,"column":18},"end":{"line":97,"column":55}},"21":{"start":{"line":98,"column":4},"end":{"line":98,"column":19}},"22":{"start":{"line":105,"column":17},"end":{"line":105,"column":35}},"23":{"start":{"line":107,"column":23},"end":{"line":107,"column":43}},"24":{"start":{"line":108,"column":4},"end":{"line":110,"column":5}},"25":{"start":{"line":109,"column":6},"end":{"line":109,"column":51}},"26":{"start":{"line":112,"column":30},"end":{"line":127,"column":6}},"27":{"start":{"line":129,"column":4},"end":{"line":137,"column":6}},"28":{"start":{"line":4,"column":0},"end":{"line":4,"column":13}}},"fnMap":{"0":{"name":"(anonymous_1)","decl":{"start":{"line":9,"column":9},"end":{"line":9,"column":14}},"loc":{"start":{"line":9,"column":53},"end":{"line":76,"column":3}}},"1":{"name":"(anonymous_2)","decl":{"start":{"line":10,"column":37},"end":{"line":10,"column":42}},"loc":{"start":{"line":10,"column":50},"end":{"line":75,"column":5}}},"2":{"name":"(anonymous_3)","decl":{"start":{"line":21,"column":42},"end":{"line":21,"column":43}},"loc":{"start":{"line":21,"column":51},"end":{"line":21,"column":70}}},"3":{"name":"(anonymous_4)","decl":{"start":{"line":36,"column":40},"end":{"line":36,"column":41}},"loc":{"start":{"line":36,"column":50},"end":{"line":38,"column":16}}},"4":{"name":"(anonymous_5)","decl":{"start":{"line":44,"column":30},"end":{"line":44,"column":31}},"loc":{"start":{"line":44,"column":45},"end":{"line":48,"column":9}}},"5":{"name":"(anonymous_6)","decl":{"start":{"line":62,"column":50},"end":{"line":62,"column":51}},"loc":{"start":{"line":62,"column":61},"end":{"line":68,"column":15}}},"6":{"name":"(anonymous_7)","decl":{"start":{"line":81,"column":9},"end":{"line":81,"column":14}},"loc":{"start":{"line":81,"column":50},"end":{"line":99,"column":3}}},"7":{"name":"(anonymous_8)","decl":{"start":{"line":104,"column":9},"end":{"line":104,"column":14}},"loc":{"start":{"line":104,"column":85},"end":{"line":138,"column":3}}}},"branchMap":{"0":{"loc":{"start":{"line":16,"column":23},"end":{"line":16,"column":47}},"type":"binary-expr","locations":[{"start":{"line":16,"column":23},"end":{"line":16,"column":39}},{"start":{"line":16,"column":43},"end":{"line":16,"column":47}}]},"1":{"loc":{"start":{"line":17,"column":21},"end":{"line":17,"column":43}},"type":"binary-expr","locations":[{"start":{"line":17,"column":21},"end":{"line":17,"column":35}},{"start":{"line":17,"column":39},"end":{"line":17,"column":43}}]},"2":{"loc":{"start":{"line":45,"column":10},"end":{"line":47,"column":11}},"type":"if","locations":[{"start":{"line":45,"column":10},"end":{"line":47,"column":11}},{"start":{},"end":{}}]},"3":{"loc":{"start":{"line":59,"column":23},"end":{"line":59,"column":48}},"type":"binary-expr","locations":[{"start":{"line":59,"column":23},"end":{"line":59,"column":40}},{"start":{"line":59,"column":44},"end":{"line":59,"column":48}}]},"4":{"loc":{"start":{"line":64,"column":16},"end":{"line":66,"column":17}},"type":"if","locations":[{"start":{"line":64,"column":16},"end":{"line":66,"column":17}},{"start":{},"end":{}}]},"5":{"loc":{"start":{"line":97,"column":4},"end":{"line":97,"column":55}},"type":"if","locations":[{"start":{"line":97,"column":4},"end":{"line":97,"column":55}},{"start":{},"end":{}}]},"6":{"loc":{"start":{"line":104,"column":27},"end":{"line":104,"column":43}},"type":"default-arg","locations":[{"start":{"line":104,"column":42},"end":{"line":104,"column":43}}]},"7":{"loc":{"start":{"line":104,"column":45},"end":{"line":104,"column":63}},"type":"default-arg","locations":[{"start":{"line":104,"column":61},"end":{"line":104,"column":63}}]},"8":{"loc":{"start":{"line":108,"column":4},"end":{"line":110,"column":5}},"type":"if","locations":[{"start":{"line":108,"column":4},"end":{"line":110,"column":5}},{"start":{},"end":{}}]}},"s":{"0":1,"1":1,"2":1,"3":1,"4":1,"5":1,"6":1,"7":1,"8":1,"9":1,"10":1,"11":1,"12":1,"13":1,"14":1,"15":0,"16":1,"17":1,"18":2,"19":2,"20":1,"21":1,"22":1,"23":1,"24":1,"25":0,"26":1,"27":1,"28":1},"f":{"0":1,"1":1,"2":1,"3":1,"4":1,"5":1,"6":2,"7":1},"b":{"0":[1,1],"1":[1,1],"2":[1,0],"3":[1,1],"4":[0,1],"5":[1,1],"6":[0],"7":[0],"8":[0,1]}}
,"C:\\Users\\trantai\\Desktop\\dbclpm\\be\\src\\services\\review.service.ts": {"path":"C:\\Users\\trantai\\Desktop\\dbclpm\\be\\src\\services\\review.service.ts","statementMap":{"0":{"start":{"line":1,"column":0},"end":{"line":1,"column":38}},"1":{"start":{"line":11,"column":25},"end":{"line":19,"column":6}},"2":{"start":{"line":21,"column":4},"end":{"line":23,"column":5}},"3":{"start":{"line":22,"column":6},"end":{"line":22,"column":98}},"4":{"start":{"line":26,"column":27},"end":{"line":31,"column":6}},"5":{"start":{"line":33,"column":4},"end":{"line":35,"column":5}},"6":{"start":{"line":34,"column":6},"end":{"line":34,"column":73}},"7":{"start":{"line":38,"column":4},"end":{"line":47,"column":7}},"8":{"start":{"line":54,"column":20},"end":{"line":70,"column":6}},"9":{"start":{"line":73,"column":25},"end":{"line":73,"column":39}},"10":{"start":{"line":74,"column":26},"end":{"line":76,"column":9}},"11":{"start":{"line":75,"column":37},"end":{"line":75,"column":53}},"12":{"start":{"line":78,"column":4},"end":{"line":82,"column":6}},"13":{"start":{"line":89,"column":4},"end":{"line":92,"column":7}},"14":{"start":{"line":5,"column":0},"end":{"line":5,"column":13}}},"fnMap":{"0":{"name":"(anonymous_1)","decl":{"start":{"line":9,"column":9},"end":{"line":9,"column":14}},"loc":{"start":{"line":9,"column":67},"end":{"line":48,"column":3}}},"1":{"name":"(anonymous_2)","decl":{"start":{"line":53,"column":9},"end":{"line":53,"column":14}},"loc":{"start":{"line":53,"column":50},"end":{"line":83,"column":3}}},"2":{"name":"(anonymous_3)","decl":{"start":{"line":75,"column":23},"end":{"line":75,"column":24}},"loc":{"start":{"line":75,"column":37},"end":{"line":75,"column":53}}},"3":{"name":"(anonymous_4)","decl":{"start":{"line":88,"column":9},"end":{"line":88,"column":14}},"loc":{"start":{"line":88,"column":81},"end":{"line":93,"column":3}}}},"branchMap":{"0":{"loc":{"start":{"line":21,"column":4},"end":{"line":23,"column":5}},"type":"if","locations":[{"start":{"line":21,"column":4},"end":{"line":23,"column":5}},{"start":{},"end":{}}]},"1":{"loc":{"start":{"line":33,"column":4},"end":{"line":35,"column":5}},"type":"if","locations":[{"start":{"line":33,"column":4},"end":{"line":35,"column":5}},{"start":{},"end":{}}]},"2":{"loc":{"start":{"line":44,"column":17},"end":{"line":44,"column":37}},"type":"binary-expr","locations":[{"start":{"line":44,"column":17},"end":{"line":44,"column":29}},{"start":{"line":44,"column":33},"end":{"line":44,"column":37}}]},"3":{"loc":{"start":{"line":74,"column":26},"end":{"line":76,"column":9}},"type":"cond-expr","locations":[{"start":{"line":75,"column":8},"end":{"line":75,"column":72}},{"start":{"line":76,"column":8},"end":{"line":76,"column":9}}]}},"s":{"0":1,"1":3,"2":3,"3":1,"4":2,"5":2,"6":1,"7":1,"8":1,"9":1,"10":1,"11":2,"12":1,"13":1,"14":1},"f":{"0":3,"1":1,"2":2,"3":1},"b":{"0":[1,2],"1":[1,1],"2":[1,0],"3":[1,0]}}
}
