TN:
SF:src\config\prismaMock.ts
FN:6,(anonymous_1)
FN:11,(anonymous_2)
FNF:2
FNH:2
FNDA:7,(anonymous_1)
FNDA:28,(anonymous_2)
DA:2,7
DA:4,7
DA:6,7
DA:11,7
DA:12,28
DA:15,7
LF:6
LH:6
BRF:0
BRH:0
end_of_record
TN:
SF:src\services\auth.service.ts
FN:7,(anonymous_1)
FN:32,(anonymous_2)
FNF:2
FNH:2
FNDA:2,(anonymous_1)
FNDA:3,(anonymous_2)
DA:1,1
DA:2,1
DA:3,1
DA:4,1
DA:7,1
DA:8,2
DA:11,2
DA:13,1
DA:15,1
DA:28,1
DA:29,1
DA:32,1
DA:34,3
DA:35,3
DA:38,2
DA:39,2
DA:42,1
DA:44,1
DA:47,1
DA:48,1
LF:20
LH:20
BRDA:11,0,0,1
BRDA:11,0,1,1
BRDA:13,1,0,1
BRDA:13,1,1,0
BRDA:20,2,0,1
BRDA:20,2,1,1
BRDA:21,3,0,1
BRDA:21,3,1,1
BRDA:22,4,0,1
BRDA:22,4,1,1
BRDA:35,5,0,1
BRDA:35,5,1,2
BRDA:39,6,0,1
BRDA:39,6,1,1
BRDA:45,7,0,1
BRDA:45,7,1,1
BRF:16
BRH:15
end_of_record
TN:
SF:src\services\blog.service.ts
FN:9,(anonymous_1)
FN:14,(anonymous_2)
FN:49,(anonymous_3)
FN:73,(anonymous_4)
FNF:4
FNH:4
FNDA:1,(anonymous_1)
FNDA:1,(anonymous_2)
FNDA:2,(anonymous_3)
FNDA:1,(anonymous_4)
DA:1,1
DA:2,1
DA:5,1
DA:11,1
DA:12,1
DA:14,1
DA:16,1
DA:30,1
DA:31,1
DA:42,1
DA:50,2
DA:59,2
DA:62,1
DA:67,1
DA:74,1
DA:76,1
DA:80,1
DA:81,0
DA:84,1
DA:98,1
LF:20
LH:19
BRDA:22,0,0,1
BRDA:22,0,1,0
BRDA:23,1,0,1
BRDA:23,1,1,0
BRDA:24,2,0,1
BRDA:24,2,1,1
BRDA:25,3,0,1
BRDA:25,3,1,1
BRDA:30,4,0,1
BRDA:30,4,1,0
BRDA:30,5,0,1
BRDA:30,5,1,0
BRDA:30,5,2,0
BRDA:34,6,0,1
BRDA:34,6,1,0
BRDA:35,7,0,1
BRDA:35,7,1,1
BRDA:35,7,2,0
BRDA:36,8,0,1
BRDA:36,8,1,1
BRDA:59,9,0,1
BRDA:59,9,1,1
BRDA:73,10,0,0
BRDA:73,11,0,0
BRDA:80,12,0,0
BRDA:80,12,1,1
BRF:26
BRH:16
end_of_record
TN:
SF:src\services\cart.service.ts
FN:8,(anonymous_1)
FN:45,(anonymous_2)
FN:65,(anonymous_3)
FN:111,(anonymous_4)
FN:147,(anonymous_5)
FNF:5
FNH:3
FNDA:2,(anonymous_1)
FNDA:1,(anonymous_2)
FNDA:3,(anonymous_3)
FNDA:0,(anonymous_4)
FNDA:0,(anonymous_5)
DA:1,1
DA:4,1
DA:9,2
DA:26,2
DA:27,1
DA:42,2
DA:43,2
DA:45,2
DA:46,1
DA:48,1
DA:49,1
DA:55,2
DA:66,3
DA:67,3
DA:68,0
DA:71,3
DA:76,3
DA:78,2
DA:82,2
DA:85,2
DA:86,1
DA:89,1
DA:90,0
DA:95,1
DA:100,1
DA:101,1
DA:102,0
DA:105,1
DA:112,0
DA:113,0
DA:115,0
DA:120,0
DA:122,0
DA:123,0
DA:126,0
DA:127,0
DA:128,0
DA:131,0
DA:136,0
DA:137,0
DA:138,0
DA:141,0
DA:148,0
DA:149,0
DA:151,0
DA:155,0
DA:156,0
LF:47
LH:25
BRDA:26,0,0,1
BRDA:26,0,1,1
BRDA:48,1,0,1
BRDA:48,1,1,0
BRDA:67,2,0,0
BRDA:67,2,1,3
BRDA:76,3,0,1
BRDA:76,3,1,2
BRDA:82,4,0,2
BRDA:82,4,1,1
BRDA:85,5,0,1
BRDA:85,5,1,1
BRDA:85,6,0,2
BRDA:85,6,1,2
BRDA:89,7,0,0
BRDA:89,7,1,1
BRDA:101,8,0,0
BRDA:101,8,1,1
BRDA:101,9,0,1
BRDA:101,9,1,0
BRDA:113,10,0,0
BRDA:113,10,1,0
BRDA:120,11,0,0
BRDA:120,11,1,0
BRDA:122,12,0,0
BRDA:122,12,1,0
BRDA:122,13,0,0
BRDA:122,13,1,0
BRDA:126,14,0,0
BRDA:126,14,1,0
BRDA:137,15,0,0
BRDA:137,15,1,0
BRDA:137,16,0,0
BRDA:137,16,1,0
BRDA:149,17,0,0
BRDA:149,17,1,0
BRDA:155,18,0,0
BRDA:155,18,1,0
BRF:38
BRH:15
end_of_record
TN:
SF:src\services\category.service.ts
FN:5,(anonymous_1)
FN:15,(anonymous_2)
FN:24,(anonymous_3)
FN:37,(anonymous_4)
FNF:4
FNH:4
FNDA:1,(anonymous_1)
FNDA:1,(anonymous_2)
FNDA:2,(anonymous_3)
FNDA:2,(anonymous_4)
DA:1,1
DA:4,1
DA:6,1
DA:16,1
DA:21,1
DA:24,1
DA:25,2
DA:34,1
DA:37,1
DA:38,2
DA:39,2
DA:41,2
DA:42,1
DA:44,1
DA:45,1
DA:46,1
DA:49,0
DA:54,1
LF:18
LH:17
BRDA:9,0,0,1
BRDA:9,0,1,0
BRDA:10,1,0,1
BRDA:10,1,1,1
BRDA:39,2,0,0
BRDA:39,2,1,2
BRDA:41,3,0,1
BRDA:41,3,1,1
BRDA:45,4,0,1
BRDA:45,4,1,0
BRF:10
BRH:7
end_of_record
TN:
SF:src\services\order.service.ts
FN:11,(anonymous_1)
FN:29,(anonymous_2)
FN:36,(anonymous_3)
FN:79,(anonymous_4)
FN:118,(anonymous_5)
FNF:5
FNH:4
FNDA:2,(anonymous_1)
FNDA:0,(anonymous_2)
FNDA:1,(anonymous_3)
FNDA:1,(anonymous_4)
FNDA:1,(anonymous_5)
DA:1,1
DA:3,1
DA:5,1
DA:7,1
DA:13,2
DA:22,2
DA:23,1
DA:27,1
DA:28,1
DA:29,0
DA:30,0
DA:33,1
DA:36,1
DA:38,1
DA:39,1
DA:40,0
DA:42,1
DA:46,1
DA:58,1
DA:59,1
DA:60,1
DA:61,1
DA:70,1
DA:76,1
DA:79,1
DA:80,1
DA:85,1
DA:94,1
DA:98,1
DA:99,1
DA:100,1
DA:107,1
DA:119,1
LF:33
LH:30
BRDA:22,0,0,1
BRDA:22,0,1,1
BRDA:22,1,0,2
BRDA:22,1,1,2
BRDA:28,2,0,0
BRDA:28,2,1,1
BRDA:28,3,0,1
BRDA:28,3,1,0
BRDA:30,4,0,0
BRDA:30,4,1,0
BRDA:39,5,0,0
BRDA:39,5,1,1
BRDA:39,6,0,1
BRDA:39,6,1,1
BRDA:51,7,0,1
BRDA:51,7,1,1
BRDA:99,8,0,1
BRDA:99,8,1,0
BRF:18
BRH:12
end_of_record
TN:
SF:src\services\product.service.ts
FN:9,(anonymous_1)
FN:10,(anonymous_2)
FN:21,(anonymous_3)
FN:36,(anonymous_4)
FN:44,(anonymous_5)
FN:62,(anonymous_6)
FN:81,(anonymous_7)
FN:104,(anonymous_8)
FNF:8
FNH:8
FNDA:1,(anonymous_1)
FNDA:1,(anonymous_2)
FNDA:1,(anonymous_3)
FNDA:1,(anonymous_4)
FNDA:1,(anonymous_5)
FNDA:1,(anonymous_6)
FNDA:2,(anonymous_7)
FNDA:1,(anonymous_8)
DA:1,1
DA:4,1
DA:10,1
DA:12,1
DA:21,1
DA:28,1
DA:30,1
DA:31,1
DA:36,1
DA:44,1
DA:45,1
DA:46,1
DA:52,1
DA:53,1
DA:63,1
DA:64,1
DA:65,0
DA:67,1
DA:74,1
DA:82,2
DA:97,2
DA:98,1
DA:105,1
DA:107,1
DA:108,1
DA:109,0
DA:112,1
DA:129,1
LF:28
LH:26
BRDA:16,0,0,1
BRDA:16,0,1,1
BRDA:17,1,0,1
BRDA:17,1,1,1
BRDA:45,2,0,1
BRDA:45,2,1,0
BRDA:59,3,0,1
BRDA:59,3,1,1
BRDA:64,4,0,0
BRDA:64,4,1,1
BRDA:97,5,0,1
BRDA:97,5,1,1
BRDA:104,6,0,0
BRDA:104,7,0,0
BRDA:108,8,0,0
BRDA:108,8,1,1
BRF:16
BRH:11
end_of_record
TN:
SF:src\services\review.service.ts
FN:9,(anonymous_1)
FN:53,(anonymous_2)
FN:75,(anonymous_3)
FN:88,(anonymous_4)
FNF:4
FNH:4
FNDA:3,(anonymous_1)
FNDA:1,(anonymous_2)
FNDA:2,(anonymous_3)
FNDA:1,(anonymous_4)
DA:1,1
DA:5,1
DA:11,3
DA:21,3
DA:22,1
DA:26,2
DA:33,2
DA:34,1
DA:38,1
DA:54,1
DA:73,1
DA:74,1
DA:75,2
DA:78,1
DA:89,1
LF:15
LH:15
BRDA:21,0,0,1
BRDA:21,0,1,2
BRDA:33,1,0,1
BRDA:33,1,1,1
BRDA:44,2,0,1
BRDA:44,2,1,0
BRDA:74,3,0,1
BRDA:74,3,1,0
BRF:8
BRH:6
end_of_record
